<?xml version="1.0" encoding="UTF-8"?>
<!-- Generated by org.testng.reporters.JUnitReportReporter -->
<testsuite skipped="0" hostname="LAPTOP-8JRM8VRK" name="com.TesteBay.Test_CompraeBay" tests="1" failures="0" timestamp="2022-03-13T18:52:54 CST" time="0.014" errors="0">
  <testcase name="loginApplicationeBay" time="0.014" classname="com.TesteBay.Test_CompraeBay"/>
  <system-out>
    <![CDATA[Login de Usuario]]>
  </system-out>
</testsuite> <!-- com.TesteBay.Test_CompraeBay -->
