<?xml version="1.0" encoding="UTF-8"?>
<!-- Generated by org.testng.reporters.JUnitReportReporter -->
<testsuite skipped="0" hostname="LAPTOP-8JRM8VRK" name="com.TesteBay.Test_Compra_eBay" tests="4" failures="0" timestamp="2022-03-13T21:08:36 CST" time="72.476" errors="0">
  <testcase name="TestLinkIniciaSesion_eBay" time="1.070" classname="com.TesteBay.Test_Compra_eBay"/>
  <system-out>
    <![CDATA[Link Inicia Sesion]]>
  </system-out>
  <testcase name="TestLoginApplication_eBay" time="3.698" classname="com.TesteBay.Test_Compra_eBay"/>
  <system-out>
    <![CDATA[Login]]>
  </system-out>
  <testcase name="TestSearchAddShoppingCartArticle_eBay" time="64.773" classname="com.TesteBay.Test_Compra_eBay"/>
  <system-out>
    <![CDATA[Buscar Articulo]]>
  </system-out>
  <testcase name="TestShoppingCartArticle_eBay" time="2.935" classname="com.TesteBay.Test_Compra_eBay"/>
  <system-out>
    <![CDATA[Valir Articulo Carrito de Compras]]>
  </system-out>
</testsuite> <!-- com.TesteBay.Test_Compra_eBay -->
